2025/08/20 21:18:06 [notice] 1#1: using the "epoll" event method
2025/08/20 21:18:06 [notice] 1#1: nginx/1.24.0
2025/08/20 21:18:06 [notice] 1#1: built by gcc 10.2.1 20210110 (Debian 10.2.1-6) 
2025/08/20 21:18:06 [notice] 1#1: OS: Linux 6.6.87.2-microsoft-standard-WSL2
2025/08/20 21:18:06 [notice] 1#1: getrlimit(RLIMIT_NOFILE): 1048576:1048576
2025/08/20 21:18:06 [notice] 1#1: start worker processes
2025/08/20 21:18:06 [notice] 1#1: start worker process 29
2025/08/20 21:18:06 [notice] 1#1: start worker process 30
2025/08/20 21:18:06 [notice] 1#1: start worker process 31
2025/08/20 21:18:06 [notice] 1#1: start worker process 32
2025/08/20 21:18:06 [notice] 1#1: start worker process 33
2025/08/20 21:18:06 [notice] 1#1: start worker process 34
2025/08/20 21:18:06 [notice] 1#1: start worker process 35
2025/08/20 21:18:06 [notice] 1#1: start worker process 36
2025/08/20 21:18:06 [notice] 1#1: start worker process 37
2025/08/20 21:18:06 [notice] 1#1: start worker process 38
2025/08/20 21:18:06 [notice] 1#1: start worker process 39
2025/08/20 21:18:06 [notice] 1#1: start worker process 40
2025/08/20 21:18:06 [notice] 1#1: start worker process 41
2025/08/20 21:18:06 [notice] 1#1: start worker process 42
2025/08/20 21:18:06 [notice] 1#1: start worker process 43
2025/08/20 21:18:06 [notice] 1#1: start worker process 44
2025/08/20 21:35:20 [notice] 1#1: signal 3 (SIGQUIT) received, shutting down
2025/08/20 21:35:20 [notice] 29#29: gracefully shutting down
2025/08/20 21:35:20 [notice] 41#41: gracefully shutting down
2025/08/20 21:35:20 [notice] 30#30: gracefully shutting down
2025/08/20 21:35:20 [notice] 31#31: gracefully shutting down
2025/08/20 21:35:20 [notice] 32#32: gracefully shutting down
2025/08/20 21:35:20 [notice] 34#34: gracefully shutting down
2025/08/20 21:35:20 [notice] 35#35: gracefully shutting down
2025/08/20 21:35:20 [notice] 33#33: gracefully shutting down
2025/08/20 21:35:20 [notice] 36#36: gracefully shutting down
2025/08/20 21:35:20 [notice] 37#37: gracefully shutting down
2025/08/20 21:35:20 [notice] 38#38: gracefully shutting down
2025/08/20 21:35:20 [notice] 39#39: gracefully shutting down
2025/08/20 21:35:20 [notice] 40#40: gracefully shutting down
2025/08/20 21:35:20 [notice] 42#42: gracefully shutting down
2025/08/20 21:35:20 [notice] 43#43: gracefully shutting down
2025/08/20 21:35:20 [notice] 44#44: gracefully shutting down
2025/08/20 21:35:20 [notice] 29#29: exiting
2025/08/20 21:35:20 [notice] 41#41: exiting
2025/08/20 21:35:20 [notice] 30#30: exiting
2025/08/20 21:35:20 [notice] 31#31: exiting
2025/08/20 21:35:20 [notice] 32#32: exiting
2025/08/20 21:35:20 [notice] 34#34: exiting
2025/08/20 21:35:20 [notice] 35#35: exiting
2025/08/20 21:35:20 [notice] 33#33: exiting
2025/08/20 21:35:20 [notice] 36#36: exiting
2025/08/20 21:35:20 [notice] 37#37: exiting
2025/08/20 21:35:20 [notice] 38#38: exiting
2025/08/20 21:35:20 [notice] 39#39: exiting
2025/08/20 21:35:20 [notice] 40#40: exiting
2025/08/20 21:35:20 [notice] 42#42: exiting
2025/08/20 21:35:20 [notice] 43#43: exiting
2025/08/20 21:35:20 [notice] 44#44: exiting
2025/08/20 21:35:20 [notice] 29#29: exit
2025/08/20 21:35:20 [notice] 41#41: exit
2025/08/20 21:35:20 [notice] 30#30: exit
2025/08/20 21:35:20 [notice] 31#31: exit
2025/08/20 21:35:20 [notice] 32#32: exit
2025/08/20 21:35:20 [notice] 34#34: exit
2025/08/20 21:35:20 [notice] 35#35: exit
2025/08/20 21:35:20 [notice] 33#33: exit
2025/08/20 21:35:20 [notice] 36#36: exit
2025/08/20 21:35:20 [notice] 37#37: exit
2025/08/20 21:35:20 [notice] 38#38: exit
2025/08/20 21:35:20 [notice] 39#39: exit
2025/08/20 21:35:20 [notice] 40#40: exit
2025/08/20 21:35:20 [notice] 42#42: exit
2025/08/20 21:35:20 [notice] 43#43: exit
2025/08/20 21:35:20 [notice] 44#44: exit
2025/08/20 21:35:20 [notice] 1#1: signal 17 (SIGCHLD) received from 38
2025/08/20 21:35:20 [notice] 1#1: worker process 34 exited with code 0
2025/08/20 21:35:20 [notice] 1#1: worker process 38 exited with code 0
2025/08/20 21:35:20 [notice] 1#1: signal 29 (SIGIO) received
2025/08/20 21:35:20 [notice] 1#1: signal 17 (SIGCHLD) received from 43
2025/08/20 21:35:20 [notice] 1#1: worker process 29 exited with code 0
2025/08/20 21:35:20 [notice] 1#1: worker process 30 exited with code 0
2025/08/20 21:35:20 [notice] 1#1: worker process 31 exited with code 0
2025/08/20 21:35:20 [notice] 1#1: worker process 32 exited with code 0
2025/08/20 21:35:20 [notice] 1#1: worker process 36 exited with code 0
2025/08/20 21:35:20 [notice] 1#1: worker process 39 exited with code 0
2025/08/20 21:35:20 [notice] 1#1: worker process 41 exited with code 0
2025/08/20 21:35:20 [notice] 1#1: worker process 42 exited with code 0
2025/08/20 21:35:20 [notice] 1#1: worker process 43 exited with code 0
2025/08/20 21:35:20 [notice] 1#1: worker process 44 exited with code 0
2025/08/20 21:35:20 [notice] 1#1: signal 29 (SIGIO) received
2025/08/20 21:35:20 [notice] 1#1: signal 17 (SIGCHLD) received from 30
2025/08/20 21:35:20 [notice] 1#1: signal 17 (SIGCHLD) received from 37
2025/08/20 21:35:20 [notice] 1#1: worker process 33 exited with code 0
2025/08/20 21:35:20 [notice] 1#1: worker process 37 exited with code 0
2025/08/20 21:35:20 [notice] 1#1: signal 29 (SIGIO) received
2025/08/20 21:35:20 [notice] 1#1: signal 17 (SIGCHLD) received from 35
2025/08/20 21:35:20 [notice] 1#1: worker process 35 exited with code 0
2025/08/20 21:35:20 [notice] 1#1: worker process 40 exited with code 0
2025/08/20 21:35:20 [notice] 1#1: exit
2025/08/20 21:36:24 [emerg] 1#1: cannot load certificate "/etc/nginx/ssl/nginx.crt": BIO_new_file() failed (SSL: error:02001002:system library:fopen:No such file or directory:fopen('/etc/nginx/ssl/nginx.crt','r') error:2006D080:BIO routines:BIO_new_file:no such file)
2025/08/20 21:36:24 [emerg] 1#1: cannot load certificate "/etc/nginx/ssl/nginx.crt": BIO_new_file() failed (SSL: error:02001002:system library:fopen:No such file or directory:fopen('/etc/nginx/ssl/nginx.crt','r') error:2006D080:BIO routines:BIO_new_file:no such file)
2025/08/20 21:36:25 [emerg] 1#1: cannot load certificate "/etc/nginx/ssl/nginx.crt": BIO_new_file() failed (SSL: error:02001002:system library:fopen:No such file or directory:fopen('/etc/nginx/ssl/nginx.crt','r') error:2006D080:BIO routines:BIO_new_file:no such file)
2025/08/20 21:36:25 [emerg] 1#1: cannot load certificate "/etc/nginx/ssl/nginx.crt": BIO_new_file() failed (SSL: error:02001002:system library:fopen:No such file or directory:fopen('/etc/nginx/ssl/nginx.crt','r') error:2006D080:BIO routines:BIO_new_file:no such file)
2025/08/20 21:36:26 [emerg] 1#1: cannot load certificate "/etc/nginx/ssl/nginx.crt": BIO_new_file() failed (SSL: error:02001002:system library:fopen:No such file or directory:fopen('/etc/nginx/ssl/nginx.crt','r') error:2006D080:BIO routines:BIO_new_file:no such file)
2025/08/20 21:36:28 [emerg] 1#1: cannot load certificate "/etc/nginx/ssl/nginx.crt": BIO_new_file() failed (SSL: error:02001002:system library:fopen:No such file or directory:fopen('/etc/nginx/ssl/nginx.crt','r') error:2006D080:BIO routines:BIO_new_file:no such file)
2025/08/20 21:36:32 [emerg] 1#1: cannot load certificate "/etc/nginx/ssl/nginx.crt": BIO_new_file() failed (SSL: error:02001002:system library:fopen:No such file or directory:fopen('/etc/nginx/ssl/nginx.crt','r') error:2006D080:BIO routines:BIO_new_file:no such file)
2025/08/20 21:36:38 [emerg] 1#1: cannot load certificate "/etc/nginx/ssl/nginx.crt": BIO_new_file() failed (SSL: error:02001002:system library:fopen:No such file or directory:fopen('/etc/nginx/ssl/nginx.crt','r') error:2006D080:BIO routines:BIO_new_file:no such file)
2025/08/20 21:36:51 [emerg] 1#1: cannot load certificate "/etc/nginx/ssl/nginx.crt": BIO_new_file() failed (SSL: error:02001002:system library:fopen:No such file or directory:fopen('/etc/nginx/ssl/nginx.crt','r') error:2006D080:BIO routines:BIO_new_file:no such file)
2025/08/20 21:37:17 [emerg] 1#1: cannot load certificate "/etc/nginx/ssl/nginx.crt": BIO_new_file() failed (SSL: error:02001002:system library:fopen:No such file or directory:fopen('/etc/nginx/ssl/nginx.crt','r') error:2006D080:BIO routines:BIO_new_file:no such file)
2025/08/20 21:38:08 [emerg] 1#1: cannot load certificate "/etc/nginx/ssl/nginx.crt": BIO_new_file() failed (SSL: error:02001002:system library:fopen:No such file or directory:fopen('/etc/nginx/ssl/nginx.crt','r') error:2006D080:BIO routines:BIO_new_file:no such file)
2025/08/20 21:40:03 [emerg] 1#1: cannot load certificate "/etc/nginx/ssl/nginx.crt": BIO_new_file() failed (SSL: error:02001002:system library:fopen:No such file or directory:fopen('/etc/nginx/ssl/nginx.crt','r') error:2006D080:BIO routines:BIO_new_file:no such file)
2025/08/20 21:40:04 [emerg] 1#1: cannot load certificate "/etc/nginx/ssl/nginx.crt": BIO_new_file() failed (SSL: error:02001002:system library:fopen:No such file or directory:fopen('/etc/nginx/ssl/nginx.crt','r') error:2006D080:BIO routines:BIO_new_file:no such file)
2025/08/20 21:40:05 [emerg] 1#1: cannot load certificate "/etc/nginx/ssl/nginx.crt": BIO_new_file() failed (SSL: error:02001002:system library:fopen:No such file or directory:fopen('/etc/nginx/ssl/nginx.crt','r') error:2006D080:BIO routines:BIO_new_file:no such file)
2025/08/20 21:40:05 [emerg] 1#1: cannot load certificate "/etc/nginx/ssl/nginx.crt": BIO_new_file() failed (SSL: error:02001002:system library:fopen:No such file or directory:fopen('/etc/nginx/ssl/nginx.crt','r') error:2006D080:BIO routines:BIO_new_file:no such file)
2025/08/20 21:40:07 [emerg] 1#1: cannot load certificate "/etc/nginx/ssl/nginx.crt": BIO_new_file() failed (SSL: error:02001002:system library:fopen:No such file or directory:fopen('/etc/nginx/ssl/nginx.crt','r') error:2006D080:BIO routines:BIO_new_file:no such file)
2025/08/20 21:40:08 [emerg] 1#1: cannot load certificate "/etc/nginx/ssl/nginx.crt": BIO_new_file() failed (SSL: error:02001002:system library:fopen:No such file or directory:fopen('/etc/nginx/ssl/nginx.crt','r') error:2006D080:BIO routines:BIO_new_file:no such file)
2025/08/20 21:40:12 [emerg] 1#1: cannot load certificate "/etc/nginx/ssl/nginx.crt": BIO_new_file() failed (SSL: error:02001002:system library:fopen:No such file or directory:fopen('/etc/nginx/ssl/nginx.crt','r') error:2006D080:BIO routines:BIO_new_file:no such file)
2025/08/20 21:40:19 [emerg] 1#1: cannot load certificate "/etc/nginx/ssl/nginx.crt": BIO_new_file() failed (SSL: error:02001002:system library:fopen:No such file or directory:fopen('/etc/nginx/ssl/nginx.crt','r') error:2006D080:BIO routines:BIO_new_file:no such file)
2025/08/20 21:40:32 [emerg] 1#1: cannot load certificate "/etc/nginx/ssl/nginx.crt": BIO_new_file() failed (SSL: error:02001002:system library:fopen:No such file or directory:fopen('/etc/nginx/ssl/nginx.crt','r') error:2006D080:BIO routines:BIO_new_file:no such file)
2025/08/20 21:40:57 [emerg] 1#1: cannot load certificate "/etc/nginx/ssl/nginx.crt": BIO_new_file() failed (SSL: error:02001002:system library:fopen:No such file or directory:fopen('/etc/nginx/ssl/nginx.crt','r') error:2006D080:BIO routines:BIO_new_file:no such file)
2025/08/20 21:41:49 [emerg] 1#1: cannot load certificate "/etc/nginx/ssl/nginx.crt": BIO_new_file() failed (SSL: error:02001002:system library:fopen:No such file or directory:fopen('/etc/nginx/ssl/nginx.crt','r') error:2006D080:BIO routines:BIO_new_file:no such file)
2025/08/20 21:42:50 [notice] 1#1: using the "epoll" event method
2025/08/20 21:42:50 [notice] 1#1: nginx/1.24.0
2025/08/20 21:42:50 [notice] 1#1: built by gcc 10.2.1 20210110 (Debian 10.2.1-6) 
2025/08/20 21:42:50 [notice] 1#1: OS: Linux 6.6.87.2-microsoft-standard-WSL2
2025/08/20 21:42:50 [notice] 1#1: getrlimit(RLIMIT_NOFILE): 1048576:1048576
2025/08/20 21:42:50 [notice] 1#1: start worker processes
2025/08/20 21:42:50 [notice] 1#1: start worker process 29
2025/08/20 21:42:50 [notice] 1#1: start worker process 30
2025/08/20 21:42:50 [notice] 1#1: start worker process 31
2025/08/20 21:42:50 [notice] 1#1: start worker process 32
2025/08/20 21:42:50 [notice] 1#1: start worker process 33
2025/08/20 21:42:50 [notice] 1#1: start worker process 34
2025/08/20 21:42:50 [notice] 1#1: start worker process 35
2025/08/20 21:42:50 [notice] 1#1: start worker process 36
2025/08/20 21:42:50 [notice] 1#1: start worker process 37
2025/08/20 21:42:50 [notice] 1#1: start worker process 38
2025/08/20 21:42:50 [notice] 1#1: start worker process 39
2025/08/20 21:42:50 [notice] 1#1: start worker process 40
2025/08/20 21:42:50 [notice] 1#1: start worker process 41
2025/08/20 21:42:50 [notice] 1#1: start worker process 42
2025/08/20 21:42:50 [notice] 1#1: start worker process 43
2025/08/20 21:42:50 [notice] 1#1: start worker process 44
2025/08/20 22:31:32 [notice] 1#1: signal 3 (SIGQUIT) received, shutting down
2025/08/20 22:31:32 [notice] 29#29: gracefully shutting down
2025/08/20 22:31:32 [notice] 40#40: gracefully shutting down
2025/08/20 22:31:32 [notice] 31#31: gracefully shutting down
2025/08/20 22:31:32 [notice] 30#30: gracefully shutting down
2025/08/20 22:31:32 [notice] 32#32: gracefully shutting down
2025/08/20 22:31:32 [notice] 34#34: gracefully shutting down
2025/08/20 22:31:32 [notice] 33#33: gracefully shutting down
2025/08/20 22:31:32 [notice] 36#36: gracefully shutting down
2025/08/20 22:31:32 [notice] 35#35: gracefully shutting down
2025/08/20 22:31:32 [notice] 37#37: gracefully shutting down
2025/08/20 22:31:32 [notice] 38#38: gracefully shutting down
2025/08/20 22:31:32 [notice] 39#39: gracefully shutting down
2025/08/20 22:31:32 [notice] 41#41: gracefully shutting down
2025/08/20 22:31:32 [notice] 42#42: gracefully shutting down
2025/08/20 22:31:32 [notice] 43#43: gracefully shutting down
2025/08/20 22:31:32 [notice] 29#29: exiting
2025/08/20 22:31:32 [notice] 44#44: gracefully shutting down
2025/08/20 22:31:32 [notice] 40#40: exiting
2025/08/20 22:31:32 [notice] 31#31: exiting
2025/08/20 22:31:32 [notice] 30#30: exiting
2025/08/20 22:31:32 [notice] 32#32: exiting
2025/08/20 22:31:32 [notice] 34#34: exiting
2025/08/20 22:31:32 [notice] 33#33: exiting
2025/08/20 22:31:32 [notice] 36#36: exiting
2025/08/20 22:31:32 [notice] 37#37: exiting
2025/08/20 22:31:32 [notice] 35#35: exiting
2025/08/20 22:31:32 [notice] 38#38: exiting
2025/08/20 22:31:32 [notice] 39#39: exiting
2025/08/20 22:31:32 [notice] 41#41: exiting
2025/08/20 22:31:32 [notice] 42#42: exiting
2025/08/20 22:31:32 [notice] 43#43: exiting
2025/08/20 22:31:32 [notice] 29#29: exit
2025/08/20 22:31:32 [notice] 44#44: exiting
2025/08/20 22:31:32 [notice] 40#40: exit
2025/08/20 22:31:32 [notice] 31#31: exit
2025/08/20 22:31:32 [notice] 30#30: exit
2025/08/20 22:31:32 [notice] 32#32: exit
2025/08/20 22:31:32 [notice] 34#34: exit
2025/08/20 22:31:32 [notice] 33#33: exit
2025/08/20 22:31:32 [notice] 36#36: exit
2025/08/20 22:31:32 [notice] 37#37: exit
2025/08/20 22:31:32 [notice] 35#35: exit
2025/08/20 22:31:32 [notice] 38#38: exit
2025/08/20 22:31:32 [notice] 39#39: exit
2025/08/20 22:31:32 [notice] 41#41: exit
2025/08/20 22:31:32 [notice] 42#42: exit
2025/08/20 22:31:32 [notice] 43#43: exit
2025/08/20 22:31:32 [notice] 44#44: exit
2025/08/20 22:31:32 [notice] 1#1: signal 17 (SIGCHLD) received from 34
2025/08/20 22:31:32 [notice] 1#1: worker process 34 exited with code 0
2025/08/20 22:31:32 [notice] 1#1: signal 29 (SIGIO) received
2025/08/20 22:31:32 [notice] 1#1: signal 17 (SIGCHLD) received from 40
2025/08/20 22:31:32 [notice] 1#1: worker process 29 exited with code 0
2025/08/20 22:31:32 [notice] 1#1: worker process 30 exited with code 0
2025/08/20 22:31:32 [notice] 1#1: worker process 32 exited with code 0
2025/08/20 22:31:32 [notice] 1#1: worker process 33 exited with code 0
2025/08/20 22:31:32 [notice] 1#1: worker process 37 exited with code 0
2025/08/20 22:31:32 [notice] 1#1: worker process 38 exited with code 0
2025/08/20 22:31:32 [notice] 1#1: worker process 39 exited with code 0
2025/08/20 22:31:32 [notice] 1#1: worker process 40 exited with code 0
2025/08/20 22:31:32 [notice] 1#1: worker process 42 exited with code 0
2025/08/20 22:31:32 [notice] 1#1: worker process 43 exited with code 0
2025/08/20 22:31:32 [notice] 1#1: signal 29 (SIGIO) received
2025/08/20 22:31:32 [notice] 1#1: signal 17 (SIGCHLD) received from 39
2025/08/20 22:31:32 [notice] 1#1: signal 17 (SIGCHLD) received from 44
2025/08/20 22:31:32 [notice] 1#1: worker process 35 exited with code 0
2025/08/20 22:31:32 [notice] 1#1: worker process 41 exited with code 0
2025/08/20 22:31:32 [notice] 1#1: worker process 44 exited with code 0
2025/08/20 22:31:32 [notice] 1#1: signal 29 (SIGIO) received
2025/08/20 22:31:32 [notice] 1#1: signal 17 (SIGCHLD) received from 41
2025/08/20 22:31:32 [notice] 1#1: signal 17 (SIGCHLD) received from 36
2025/08/20 22:31:32 [notice] 1#1: worker process 36 exited with code 0
2025/08/20 22:31:32 [notice] 1#1: signal 29 (SIGIO) received
2025/08/20 22:31:32 [notice] 1#1: signal 17 (SIGCHLD) received from 31
2025/08/20 22:31:32 [notice] 1#1: worker process 31 exited with code 0
2025/08/20 22:31:32 [notice] 1#1: exit
